<?xml version="1.0" encoding="UTF-8"?>
<!-- Generated by org.testng.reporters.JUnitXMLReporter -->
<testsuite ignored="0" hostname="NCSIND9050D6BC0" failures="0" tests="4" name="DataDrivenTest" time="157.096" errors="0" timestamp="2024-04-11T11:40:13 IST">
  <testcase classname="com.expedia.Tests.HomePageTest" name="moreTravelOptionDDTTest" time="0.163"/>
  <testcase classname="com.expedia.Tests.HomePageTest" name="moreTravelOptionDDTTest" time="0.093"/>
  <testcase classname="com.expedia.Tests.HomePageTest" name="moreTravelOptionDDTTest" time="0.097"/>
  <testcase classname="com.expedia.Tests.HomePageTest" name="moreTravelOptionDDTTest" time="0.132"/>
</testsuite> <!-- DataDrivenTest -->
