<?xml version="1.0" encoding="UTF-8"?>
<!-- Generated by org.testng.reporters.JUnitXMLReporter -->
<testsuite ignored="0" hostname="NCSIND9050D6BC0" failures="0" tests="4" name="Default test" time="40.771" errors="0" timestamp="2024-04-11T11:28:30 IST">
  <testcase classname="com.expedia.Tests.HomePageTest" name="moreTravelOPtionTest" time="0.136"/>
  <testcase classname="com.expedia.Tests.HomePageTest" name="moreTravelOPtionTest" time="0.094"/>
  <testcase classname="com.expedia.Tests.HomePageTest" name="moreTravelOPtionTest" time="0.094"/>
  <testcase classname="com.expedia.Tests.HomePageTest" name="moreTravelOPtionTest" time="0.112"/>
</testsuite> <!-- Default test -->
